{
  "stats": {
    "suites": 1,
    "tests": 3,
    "passes": 3,
    "pending": 0,
    "failures": 0,
    "start": "2026-06-19T04:24:11.626Z",
    "end": "2026-06-19T04:24:11.642Z",
    "duration": 16,
    "testsRegistered": 3,
    "passPercent": 100,
    "pendingPercent": 0,
    "other": 0,
    "hasOther": false,
    "skipped": 0,
    "hasSkipped": false
  },
  "results": [
    {
      "uuid": "69e31526-caff-454a-ad55-859f55b524be",
      "title": "",
      "fullFile": "C:\\Users\\USUARIO\\Downloads\\TesteAutomatizado\\Prog_JavaScript_Teste\\trab_conclusao_auto_teste\\test\\servicoDePagamento.test.js",
      "file": "\\test\\servicoDePagamento.test.js",
      "beforeHooks": [],
      "afterHooks": [],
      "tests": [],
      "suites": [
        {
          "uuid": "e2736ca6-803b-421c-8875-aef05a9a6c85",
          "title": "**************** Serviço de pagamentos  ***************",
          "fullFile": "C:\\Users\\USUARIO\\Downloads\\TesteAutomatizado\\Prog_JavaScript_Teste\\trab_conclusao_auto_teste\\test\\servicoDePagamento.test.js",
          "file": "\\test\\servicoDePagamento.test.js",
          "beforeHooks": [],
          "afterHooks": [],
          "tests": [
            {
              "title": "Validar que realizar um pagamento maior que R$100.00 , este e categorizado  como CARO.",
              "fullTitle": "**************** Serviço de pagamentos  *************** Validar que realizar um pagamento maior que R$100.00 , este e categorizado  como CARO.",
              "timedOut": false,
              "duration": 2,
              "state": "passed",
              "speed": "fast",
              "pass": true,
              "fail": false,
              "pending": false,
              "context": null,
              "code": "const servicoDePagamento = new ServicoDePagamento();  \n    servicoDePagamento.realizarPagamento('0111-7656-3475','Mercedez',100.01);\nconst respConsulta = servicoDePagamento.consultarUltimoPagamento();\nassert.equal(respConsulta.categoria,'cara');",
              "err": {},
              "uuid": "a966f875-7cf8-47c7-93fc-889b95551932",
              "parentUUID": "e2736ca6-803b-421c-8875-aef05a9a6c85",
              "isHook": false,
              "skipped": false
            },
            {
              "title": "Validar que realizar um pagamento menor que R$100.00 , este e categorizado  como PADRAO.",
              "fullTitle": "**************** Serviço de pagamentos  *************** Validar que realizar um pagamento menor que R$100.00 , este e categorizado  como PADRAO.",
              "timedOut": false,
              "duration": 1,
              "state": "passed",
              "speed": "fast",
              "pass": true,
              "fail": false,
              "pending": false,
              "context": null,
              "code": "const servicoDePagamento = new ServicoDePagamento();  \n    servicoDePagamento.realizarPagamento('0987-7656-3475','Volkswagen',100.00);\nconst respConsulta = servicoDePagamento.consultarUltimoPagamento();\nassert.equal(respConsulta.categoria,'padrao');",
              "err": {},
              "uuid": "7942115a-3b45-4ef9-9b04-be3d1b60df73",
              "parentUUID": "e2736ca6-803b-421c-8875-aef05a9a6c85",
              "isHook": false,
              "skipped": false
            },
            {
              "title": "Validar a consulta do último pagamento",
              "fullTitle": "**************** Serviço de pagamentos  *************** Validar a consulta do último pagamento",
              "timedOut": false,
              "duration": 0,
              "state": "passed",
              "speed": "fast",
              "pass": true,
              "fail": false,
              "pending": false,
              "context": null,
              "code": "const servicoDePagamento = new ServicoDePagamento();  \nservicoDePagamento.realizarPagamento('0002-7656-3475','Land-Cruiser',99.99);\nservicoDePagamento.realizarPagamento('0003-7656-3475','Volvo',100.01);\nconst respConsulta = servicoDePagamento.consultarUltimoPagamento();\nassert.equal(respConsulta.codBarra,'0003-7656-3475');\nassert.equal(respConsulta.empresa,'Volvo');\nassert.equal(respConsulta.valor,100.01);\nassert.equal(respConsulta.categoria,'cara');",
              "err": {},
              "uuid": "be3d0a79-1f4f-47b5-987e-cd30da46bf71",
              "parentUUID": "e2736ca6-803b-421c-8875-aef05a9a6c85",
              "isHook": false,
              "skipped": false
            }
          ],
          "suites": [],
          "passes": [
            "a966f875-7cf8-47c7-93fc-889b95551932",
            "7942115a-3b45-4ef9-9b04-be3d1b60df73",
            "be3d0a79-1f4f-47b5-987e-cd30da46bf71"
          ],
          "failures": [],
          "pending": [],
          "skipped": [],
          "duration": 3,
          "root": false,
          "rootEmpty": false,
          "_timeout": 2000
        }
      ],
      "passes": [],
      "failures": [],
      "pending": [],
      "skipped": [],
      "duration": 0,
      "root": true,
      "rootEmpty": true,
      "_timeout": 2000
    }
  ],
  "meta": {
    "mocha": {
      "version": "11.7.5"
    },
    "mochawesome": {
      "options": {
        "quiet": false,
        "reportFilename": "mochawesome",
        "saveHtml": true,
        "saveJson": true,
        "consoleReporter": "spec",
        "useInlineDiffs": false,
        "code": true
      },
      "version": "7.1.4"
    },
    "marge": {
      "options": {
        "reportDir": "reports",
        "reportFilename": "mochawesome",
        "overwrite": "true"
      },
      "version": "6.3.2"
    }
  }
}